<?xml version="1.0" encoding="UTF-8"?>
<!-- Generated by org.testng.reporters.JUnitReportReporter -->
<testsuite hostname="JustCODE" failures="0" tests="1" name="Actitime.testscript.DropdownHandle" time="12.503" errors="0" timestamp="2023-06-26T11:22:33 IST" skipped="0">
  <testcase classname="Actitime.testscript.DropdownHandle" name="DDhandle" time="12.503"/>
  <system-out>
    <![CDATA[MODIFICATIONS NOT SAVED]]>
  </system-out>
</testsuite> <!-- Actitime.testscript.DropdownHandle -->
