<?xml version="1.0" encoding="UTF-8"?>
<!-- Generated by org.testng.reporters.JUnitReportReporter -->
<testsuite hostname="JustCODE" failures="0" tests="2" name="Actitime.testscript.CustomerCreation" time="30.447" errors="0" timestamp="2023-07-13T14:36:34 IST" skipped="0">
  <testcase classname="Actitime.testscript.CustomerCreation" name="createCustomer" time="14.764">
    <system-out>
      <![CDATA[TONY984]]>
    </system-out>
  </testcase> <!-- createCustomer -->
  <testcase classname="Actitime.testscript.CustomerCreation" name="createCustomer" time="15.683">
    <system-out>
      <![CDATA[TONY611]]>
    </system-out>
  </testcase> <!-- createCustomer -->
  <system-out>
    <![CDATA[TONY611
Are you sure you want to cancel the Type of Work creation?
Are you sure you want to cancel the Type of Work creation?
TONY984]]>
  </system-out>
</testsuite> <!-- Actitime.testscript.CustomerCreation -->
