<?xml version="1.0" encoding="UTF-8"?>
<!-- Generated by org.testng.reporters.JUnitReportReporter -->
<testsuite hostname="JustCODE" failures="0" tests="2" name="Actitime.testscript.CustomerCreation" time="27.783" errors="0" timestamp="2023-06-26T11:33:44 IST" skipped="0">
  <testcase classname="Actitime.testscript.CustomerCreation" name="createCustomer" time="13.381"/>
  <system-out>
    <![CDATA[TONY168]]>
  </system-out>
  <testcase classname="Actitime.testscript.CustomerCreation" name="createCustomer" time="14.402"/>
  <system-out>
    <![CDATA[TONY336]]>
  </system-out>
</testsuite> <!-- Actitime.testscript.CustomerCreation -->
