<?xml version="1.0" encoding="UTF-8"?>
<!-- Generated by org.testng.reporters.JUnitReportReporter -->
<testsuite hostname="JustCODE" failures="0" tests="2" name="Actitime.testscript.AlertHandling_work_excel" time="26.989" errors="0" timestamp="2023-06-26T11:33:44 IST" skipped="0">
  <testcase classname="Actitime.testscript.AlertHandling_work_excel" name="AlertHandle" time="13.399"/>
  <system-out>
    <![CDATA[Are you sure you want to cancel the Type of Work creation?]]>
  </system-out>
  <testcase classname="Actitime.testscript.AlertHandling_work_excel" name="AlertHandle" time="13.590"/>
  <system-out>
    <![CDATA[Are you sure you want to cancel the Type of Work creation?]]>
  </system-out>
</testsuite> <!-- Actitime.testscript.AlertHandling_work_excel -->
