<?xml version="1.0" encoding="UTF-8"?>
<!-- Generated by org.testng.reporters.JUnitReportReporter -->
<testsuite hostname="JustCODE" failures="0" tests="2" name="Actitime.testscript.AlertHandling_work_excel" time="29.629" errors="0" timestamp="2023-07-13T14:36:34 IST" skipped="0">
  <testcase classname="Actitime.testscript.AlertHandling_work_excel" name="AlertHandle" time="14.233">
    <system-out>
      <![CDATA[Are you sure you want to cancel the Type of Work creation?]]>
    </system-out>
  </testcase> <!-- AlertHandle -->
  <testcase classname="Actitime.testscript.AlertHandling_work_excel" name="AlertHandle" time="15.396">
    <system-out>
      <![CDATA[Are you sure you want to cancel the Type of Work creation?]]>
    </system-out>
  </testcase> <!-- AlertHandle -->
  <system-out>
    <![CDATA[TONY611
Are you sure you want to cancel the Type of Work creation?
Are you sure you want to cancel the Type of Work creation?
TONY984]]>
  </system-out>
</testsuite> <!-- Actitime.testscript.AlertHandling_work_excel -->
